<?xml version="1.0" encoding="UTF-8"?>
<!-- Generated by org.testng.reporters.JUnitXMLReporter -->
<testsuite hostname="NPAND1W3" ignored="0" name="WebService_Automation" tests="1" failures="1" timestamp="22 Nov 2017 23:47:26 GMT" time="23.986" errors="0">
  <testcase name="OracleCloud_Financial_Webservices" time="23.954" classname="OCTS_Automation_Main_Modules.ERP_Financial_Webservice_MainClass">
    <failure type="java.lang.Exception" message="UploadFileToUcm: Error occurred while sending SOAP Request to Server">
      <![CDATA[java.lang.Exception: UploadFileToUcm: Error occurred while sending SOAP Request to Server
	at OCTS_Automation_Main_Modules.ERP_Financial_Webservice_MainClass.OracleCloud_Financial_Webservices(ERP_Financial_Webservice_MainClass.java:301)
	at OCTS_Automation_Main_Modules.TestNG_Invoke_WS.wstriggertestng(TestNG_Invoke_WS.java:92)
	at OCTS_GUI.FXMLController$1.call(FXMLController.java:214)
	at javafx.concurrent.Task$TaskCallable.call(Task.java:1423)
	at java.util.concurrent.FutureTask.run(Unknown Source)
	at java.lang.Thread.run(Unknown Source)
... Removed 22 stack frames]]>
    </failure>
  </testcase> <!-- OracleCloud_Financial_Webservices -->
</testsuite> <!-- WebService_Automation -->
